2026-03-31 10:56:47,144 - sign_language - INFO - [realtime]📸 Image capture system initialized[/realtime]
2026-03-31 10:56:47,155 - sign_language - INFO - [success]✅ Camera 0 connected successfully[/success]
2026-03-31 10:56:47,163 - sign_language - INFO - [info]Output directory: ./data/test[/info]
2026-03-31 12:20:11,580 - sign_language - INFO - [realtime]📸 Image capture system initialized[/realtime]
2026-03-31 12:20:11,586 - sign_language - INFO - [success]✅ Camera 0 connected successfully[/success]
2026-03-31 12:20:11,591 - sign_language - INFO - [info]Output directory: ./data/test[/info]
2026-03-31 12:20:43,103 - sign_language - INFO - [success]✅ Completed hello: 30/30 images captured[/success]
2026-03-31 12:38:12,787 - sign_language - INFO - [realtime]📸 Image capture system initialized[/realtime]
2026-03-31 12:38:12,794 - sign_language - INFO - [success]✅ Camera 0 connected successfully[/success]
2026-03-31 12:38:12,801 - sign_language - INFO - [info]Output directory: ./data/test[/info]
2026-03-31 12:40:51,674 - sign_language - INFO - [realtime]📸 Image capture system initialized[/realtime]
2026-03-31 12:40:51,679 - sign_language - INFO - [success]✅ Camera 0 connected successfully[/success]
2026-03-31 12:40:51,686 - sign_language - INFO - [info]Output directory: ./data/test[/info]
2026-03-31 12:41:25,362 - sign_language - INFO - [success]✅ hello: 30/30[/success]
2026-03-31 12:41:58,628 - sign_language - INFO - [success]✅ iloveyou: 30/30[/success]
2026-03-31 12:42:31,703 - sign_language - INFO - [success]✅ thankyou: 30/30[/success]
2026-03-31 12:42:32,141 - sign_language - INFO - [info]Camera released[/info]
2026-03-31 13:58:20,954 - sign_language - INFO - [realtime]📸 Image capture system initialized[/realtime]
2026-03-31 13:58:20,977 - sign_language - INFO - [success]✅ Camera 0 connected successfully[/success]
2026-03-31 13:58:21,005 - sign_language - INFO - [info]Output directory: ./data/train[/info]
2026-03-31 13:59:29,607 - sign_language - INFO - [realtime]📸 Image capture system initialized[/realtime]
2026-03-31 13:59:29,614 - sign_language - INFO - [success]✅ Camera 0 connected successfully[/success]
2026-03-31 13:59:29,619 - sign_language - INFO - [info]Output directory: ./data/train[/info]
2026-03-31 13:59:41,210 - sign_language - INFO - [success]✅ hello: 10/10[/success]
2026-03-31 13:59:52,480 - sign_language - INFO - [success]✅ iloveyou: 10/10[/success]
2026-03-31 14:00:03,569 - sign_language - INFO - [success]✅ thankyou: 10/10[/success]
2026-03-31 14:00:04,044 - sign_language - INFO - [info]Camera released[/info]
2026-03-31 14:00:44,897 - sign_language - INFO - [realtime]📸 Image capture system initialized[/realtime]
2026-03-31 14:00:44,902 - sign_language - INFO - [success]✅ Camera 0 connected successfully[/success]
2026-03-31 14:00:44,905 - sign_language - INFO - [info]Output directory: ./data/test[/info]
2026-03-31 14:00:50,891 - sign_language - INFO - [success]✅ hello: 5/5[/success]
2026-03-31 14:00:56,535 - sign_language - INFO - [success]✅ iloveyou: 5/5[/success]
2026-03-31 14:01:02,099 - sign_language - INFO - [success]✅ thankyou: 5/5[/success]
2026-03-31 14:01:02,670 - sign_language - INFO - [info]Camera released[/info]
