2026-04-04 17:23:34,365 - sign_language - INFO - [realtime]📸 Image capture system initialized[/realtime]
2026-04-04 17:23:34,376 - sign_language - INFO - [success]✅ Camera 0 connected successfully[/success]
2026-04-04 17:23:34,383 - sign_language - INFO - [info]Output directory: ./data/train/0[/info]
2026-04-04 17:23:45,943 - sign_language - INFO - [success]✅ 0: 10/10[/success]
2026-04-04 17:23:46,352 - sign_language - INFO - [info]Camera released[/info]
2026-04-04 17:29:30,640 - sign_language - INFO - [realtime]📸 Image capture system initialized[/realtime]
2026-04-04 17:29:30,663 - sign_language - INFO - [success]✅ Camera 0 connected successfully[/success]
2026-04-04 17:29:30,677 - sign_language - INFO - [info]Output directory: ./data/train/1[/info]
2026-04-04 17:29:42,102 - sign_language - INFO - [success]✅ 1: 10/10[/success]
2026-04-04 17:29:42,523 - sign_language - INFO - [info]Camera released[/info]
2026-04-04 17:49:52,867 - sign_language - INFO - [realtime]📸 Image capture system initialized[/realtime]
2026-04-04 17:49:52,873 - sign_language - INFO - [success]✅ Camera 0 connected successfully[/success]
2026-04-04 17:49:52,876 - sign_language - INFO - [info]Output directory: ./data/train/[/info]
2026-04-04 18:15:24,337 - sign_language - INFO - [realtime]📸 Image capture system initialized[/realtime]
2026-04-04 18:15:24,360 - sign_language - INFO - [success]✅ Camera 0 connected successfully[/success]
2026-04-04 18:15:24,365 - sign_language - INFO - [info]Output directory: ./data/train/[/info]
2026-04-04 18:15:46,681 - sign_language - INFO - [success]✅ A: 20/20[/success]
2026-04-04 18:18:12,673 - sign_language - INFO - [realtime]📸 Image capture system initialized[/realtime]
2026-04-04 18:18:12,690 - sign_language - INFO - [success]✅ Camera 0 connected successfully[/success]
2026-04-04 18:18:12,703 - sign_language - INFO - [info]Output directory: ./data/train/[/info]
2026-04-04 18:18:35,102 - sign_language - INFO - [success]✅ A: 20/20[/success]
2026-04-04 18:19:07,200 - sign_language - INFO - [success]✅ B: 20/20[/success]
2026-04-04 18:19:39,124 - sign_language - INFO - [success]✅ C: 20/20[/success]
2026-04-04 18:20:11,072 - sign_language - INFO - [success]✅ D: 20/20[/success]
2026-04-04 18:20:42,954 - sign_language - INFO - [success]✅ E: 20/20[/success]
2026-04-04 18:21:14,809 - sign_language - INFO - [success]✅ F: 20/20[/success]
2026-04-04 18:21:46,827 - sign_language - INFO - [success]✅ G: 20/20[/success]
2026-04-04 18:22:18,675 - sign_language - INFO - [success]✅ H: 20/20[/success]
2026-04-04 18:22:50,504 - sign_language - INFO - [success]✅ I: 20/20[/success]
2026-04-04 18:23:22,586 - sign_language - INFO - [success]✅ J: 20/20[/success]
2026-04-04 18:23:54,463 - sign_language - INFO - [success]✅ K: 20/20[/success]
2026-04-04 18:24:26,289 - sign_language - INFO - [success]✅ L: 20/20[/success]
2026-04-04 18:24:58,115 - sign_language - INFO - [success]✅ M: 20/20[/success]
2026-04-04 18:25:29,946 - sign_language - INFO - [success]✅ N: 20/20[/success]
2026-04-04 18:26:01,979 - sign_language - INFO - [success]✅ O: 20/20[/success]
2026-04-04 18:26:33,885 - sign_language - INFO - [success]✅ P: 20/20[/success]
2026-04-04 18:32:49,730 - sign_language - INFO - [success]✅ Q: 2/20[/success]
2026-04-04 18:37:19,362 - sign_language - INFO - [realtime]📸 Image capture system initialized[/realtime]
2026-04-04 18:37:19,373 - sign_language - INFO - [success]✅ Camera 0 connected successfully[/success]
2026-04-04 18:37:19,377 - sign_language - INFO - [info]Output directory: ./data/train/[/info]
2026-04-04 18:37:41,712 - sign_language - INFO - [success]✅ Q: 20/20[/success]
2026-04-04 18:38:13,595 - sign_language - INFO - [success]✅ R: 20/20[/success]
2026-04-04 18:38:45,398 - sign_language - INFO - [success]✅ S: 20/20[/success]
2026-04-04 18:39:17,215 - sign_language - INFO - [success]✅ T: 20/20[/success]
2026-04-04 18:39:54,929 - sign_language - INFO - [success]✅ U: 20/20[/success]
2026-04-04 18:40:26,700 - sign_language - INFO - [success]✅ V: 20/20[/success]
2026-04-04 18:40:58,538 - sign_language - INFO - [success]✅ W: 20/20[/success]
2026-04-04 18:41:30,297 - sign_language - INFO - [success]✅ X: 20/20[/success]
2026-04-04 18:42:02,106 - sign_language - INFO - [success]✅ Y: 20/20[/success]
2026-04-04 18:42:33,897 - sign_language - INFO - [success]✅ Z: 20/20[/success]
2026-04-04 18:43:05,766 - sign_language - INFO - [success]✅ 0: 20/20[/success]
2026-04-04 18:43:37,614 - sign_language - INFO - [success]✅ 1: 20/20[/success]
2026-04-04 18:44:09,425 - sign_language - INFO - [success]✅ 2: 20/20[/success]
2026-04-04 18:44:41,227 - sign_language - INFO - [success]✅ 3: 20/20[/success]
2026-04-04 18:45:12,991 - sign_language - INFO - [success]✅ 4: 20/20[/success]
2026-04-04 18:45:44,803 - sign_language - INFO - [success]✅ 5: 20/20[/success]
2026-04-04 18:46:16,599 - sign_language - INFO - [success]✅ 6: 20/20[/success]
2026-04-04 18:46:48,361 - sign_language - INFO - [success]✅ 7: 20/20[/success]
2026-04-04 18:47:20,120 - sign_language - INFO - [success]✅ 8: 20/20[/success]
2026-04-04 18:47:51,946 - sign_language - INFO - [success]✅ 9: 20/20[/success]
2026-04-04 18:48:23,743 - sign_language - INFO - [success]✅ yes: 20/20[/success]
2026-04-04 18:48:55,492 - sign_language - INFO - [success]✅ no: 20/20[/success]
2026-04-04 18:49:27,274 - sign_language - INFO - [success]✅ pray: 20/20[/success]
2026-04-04 18:49:59,015 - sign_language - INFO - [success]✅ you: 20/20[/success]
2026-04-04 18:50:30,763 - sign_language - INFO - [success]✅ iam: 20/20[/success]
2026-04-04 18:51:02,531 - sign_language - INFO - [success]✅ done: 20/20[/success]
2026-04-04 18:51:34,273 - sign_language - INFO - [success]✅ time: 20/20[/success]
2026-04-04 18:52:06,002 - sign_language - INFO - [success]✅ food: 20/20[/success]
2026-04-04 18:52:37,772 - sign_language - INFO - [success]✅ fighting: 20/20[/success]
2026-04-04 18:53:09,554 - sign_language - INFO - [success]✅ unpredictable: 20/20[/success]
2026-04-04 18:53:41,357 - sign_language - INFO - [success]✅ iloveyou: 20/20[/success]
2026-04-04 18:54:13,139 - sign_language - INFO - [success]✅ thankyou: 20/20[/success]
2026-04-04 18:54:44,895 - sign_language - INFO - [success]✅ stop: 20/20[/success]
2026-04-04 18:55:16,650 - sign_language - INFO - [success]✅ what: 20/20[/success]
2026-04-04 18:55:48,384 - sign_language - INFO - [success]✅ hello: 20/20[/success]
2026-04-04 18:56:20,135 - sign_language - INFO - [success]✅ calmdown: 20/20[/success]
2026-04-04 18:56:30,548 - sign_language - INFO - [info]Camera released[/info]
2026-04-04 19:15:50,378 - sign_language - INFO - [realtime]📸 Image capture system initialized[/realtime]
2026-04-04 19:15:50,389 - sign_language - INFO - [success]✅ Camera 0 connected successfully[/success]
2026-04-04 19:15:50,393 - sign_language - INFO - [info]Output directory: ./data/test/[/info]
2026-04-04 19:15:56,288 - sign_language - INFO - [success]✅ A: 5/5[/success]
2026-04-04 19:16:11,796 - sign_language - INFO - [success]✅ B: 5/5[/success]
2026-04-04 19:16:27,323 - sign_language - INFO - [success]✅ C: 5/5[/success]
2026-04-04 19:16:42,793 - sign_language - INFO - [success]✅ D: 5/5[/success]
2026-04-04 19:16:58,329 - sign_language - INFO - [success]✅ E: 5/5[/success]
2026-04-04 19:17:13,829 - sign_language - INFO - [success]✅ F: 5/5[/success]
2026-04-04 19:17:29,306 - sign_language - INFO - [success]✅ G: 5/5[/success]
2026-04-04 19:17:44,811 - sign_language - INFO - [success]✅ H: 5/5[/success]
2026-04-04 19:18:00,259 - sign_language - INFO - [success]✅ I: 5/5[/success]
2026-04-04 19:18:15,723 - sign_language - INFO - [success]✅ J: 5/5[/success]
2026-04-04 19:18:31,170 - sign_language - INFO - [success]✅ K: 5/5[/success]
2026-04-04 19:18:46,651 - sign_language - INFO - [success]✅ L: 5/5[/success]
2026-04-04 19:19:02,123 - sign_language - INFO - [success]✅ M: 5/5[/success]
2026-04-04 19:19:17,572 - sign_language - INFO - [success]✅ N: 5/5[/success]
2026-04-04 19:19:33,043 - sign_language - INFO - [success]✅ O: 5/5[/success]
2026-04-04 19:19:48,466 - sign_language - INFO - [success]✅ P: 5/5[/success]
2026-04-04 19:20:03,900 - sign_language - INFO - [success]✅ Q: 5/5[/success]
2026-04-04 19:20:19,345 - sign_language - INFO - [success]✅ R: 5/5[/success]
2026-04-04 19:20:34,779 - sign_language - INFO - [success]✅ S: 5/5[/success]
2026-04-04 19:20:50,236 - sign_language - INFO - [success]✅ T: 5/5[/success]
2026-04-04 19:21:05,696 - sign_language - INFO - [success]✅ U: 5/5[/success]
2026-04-04 19:21:21,198 - sign_language - INFO - [success]✅ V: 5/5[/success]
2026-04-04 19:21:36,702 - sign_language - INFO - [success]✅ W: 5/5[/success]
2026-04-04 19:21:52,175 - sign_language - INFO - [success]✅ X: 5/5[/success]
2026-04-04 19:22:07,617 - sign_language - INFO - [success]✅ Y: 5/5[/success]
2026-04-04 19:22:23,076 - sign_language - INFO - [success]✅ Z: 5/5[/success]
2026-04-04 19:22:38,520 - sign_language - INFO - [success]✅ 0: 5/5[/success]
2026-04-04 19:22:53,978 - sign_language - INFO - [success]✅ 1: 5/5[/success]
2026-04-04 19:23:09,422 - sign_language - INFO - [success]✅ 2: 5/5[/success]
2026-04-04 19:23:24,854 - sign_language - INFO - [success]✅ 3: 5/5[/success]
2026-04-04 19:23:40,310 - sign_language - INFO - [success]✅ 4: 5/5[/success]
2026-04-04 19:23:55,769 - sign_language - INFO - [success]✅ 5: 5/5[/success]
2026-04-04 19:24:11,215 - sign_language - INFO - [success]✅ 6: 5/5[/success]
2026-04-04 19:24:26,651 - sign_language - INFO - [success]✅ 7: 5/5[/success]
2026-04-04 19:24:42,114 - sign_language - INFO - [success]✅ 8: 5/5[/success]
2026-04-04 19:24:57,570 - sign_language - INFO - [success]✅ 9: 5/5[/success]
2026-04-04 19:25:13,019 - sign_language - INFO - [success]✅ yes: 5/5[/success]
2026-04-04 19:25:28,473 - sign_language - INFO - [success]✅ no: 5/5[/success]
2026-04-04 19:25:43,930 - sign_language - INFO - [success]✅ pray: 5/5[/success]
2026-04-04 19:25:59,403 - sign_language - INFO - [success]✅ you: 5/5[/success]
2026-04-04 19:26:14,846 - sign_language - INFO - [success]✅ iam: 5/5[/success]
2026-04-04 19:26:30,291 - sign_language - INFO - [success]✅ done: 5/5[/success]
2026-04-04 19:26:45,720 - sign_language - INFO - [success]✅ time: 5/5[/success]
2026-04-04 19:27:01,174 - sign_language - INFO - [success]✅ food: 5/5[/success]
2026-04-04 19:27:16,653 - sign_language - INFO - [success]✅ fighting: 5/5[/success]
2026-04-04 19:27:32,109 - sign_language - INFO - [success]✅ unpredictable: 5/5[/success]
2026-04-04 19:27:47,547 - sign_language - INFO - [success]✅ iloveyou: 5/5[/success]
2026-04-04 19:28:02,971 - sign_language - INFO - [success]✅ thankyou: 5/5[/success]
2026-04-04 19:28:18,419 - sign_language - INFO - [success]✅ stop: 5/5[/success]
2026-04-04 19:28:33,860 - sign_language - INFO - [success]✅ what: 5/5[/success]
2026-04-04 19:28:49,378 - sign_language - INFO - [success]✅ hello: 5/5[/success]
2026-04-04 19:29:04,831 - sign_language - INFO - [success]✅ calmdown: 5/5[/success]
2026-04-04 19:29:15,232 - sign_language - INFO - [info]Camera released[/info]
